[debug] [2024-01-02T21:07:40.133Z] ----------------------------------------------------------------------
[debug] [2024-01-02T21:07:40.137Z] Command:       C:\Program Files\nodejs\node.exe C:\Users\alban\AppData\Roaming\npm\node_modules\firebase-tools\lib\bin\firebase.js init
[debug] [2024-01-02T21:07:40.138Z] CLI Version:   13.0.2
[debug] [2024-01-02T21:07:40.138Z] Platform:      win32
[debug] [2024-01-02T21:07:40.139Z] Node Version:  v18.17.0
[debug] [2024-01-02T21:07:40.140Z] Time:          Tue Jan 02 2024 18:07:40 GMT-0300 (hora estándar de Argentina)
[debug] [2024-01-02T21:07:40.140Z] ----------------------------------------------------------------------
[debug] 
[debug] [2024-01-02T21:07:40.149Z] > command requires scopes: ["email","openid","https://www.googleapis.com/auth/cloudplatformprojects.readonly","https://www.googleapis.com/auth/firebase","https://www.googleapis.com/auth/cloud-platform"]
[debug] [2024-01-02T21:07:40.150Z] > authorizing via signed-in user (amorybienestar0@gmail.com)
[info] 
     ######## #### ########  ######## ########     ###     ######  ########
     ##        ##  ##     ## ##       ##     ##  ##   ##  ##       ##
     ######    ##  ########  ######   ########  #########  ######  ######
     ##        ##  ##    ##  ##       ##     ## ##     ##       ## ##
     ##       #### ##     ## ######## ########  ##     ##  ######  ########

You're about to initialize a Firebase project in this directory:

  C:\ALBANO\PaginaAmor\pagina-amor

Before we get started, keep in mind:

  * You are currently outside your home directory

[info] 
=== Project Setup
[info] 
[info] First, let's associate this project directory with a Firebase project.
[info] You can create multiple project aliases by running firebase use --add, 
[info] but for now we'll just set up a default project.
[info] 
[debug] [2024-01-02T21:08:11.537Z] >>> [apiv2][query] GET https://firebase.googleapis.com/v1beta1/projects pageSize=100
[debug] [2024-01-02T21:08:12.226Z] <<< [apiv2][status] GET https://firebase.googleapis.com/v1beta1/projects 200
[debug] [2024-01-02T21:08:12.227Z] <<< [apiv2][body] GET https://firebase.googleapis.com/v1beta1/projects [omitted]
[info] i  Using project nuevo-bienestar (Nuevo Bienestar) 
[info] 
=== Functions Setup
[debug] [2024-01-02T21:08:20.867Z] > command requires scopes: ["email","openid","https://www.googleapis.com/auth/cloudplatformprojects.readonly","https://www.googleapis.com/auth/firebase","https://www.googleapis.com/auth/cloud-platform"]
[debug] [2024-01-02T21:08:20.868Z] > authorizing via signed-in user (amorybienestar0@gmail.com)
[debug] [2024-01-02T21:08:20.868Z] [iam] checking project nuevo-bienestar for permissions ["firebase.projects.get"]
[debug] [2024-01-02T21:08:20.869Z] >>> [apiv2][query] POST https://cloudresourcemanager.googleapis.com/v1/projects/nuevo-bienestar:testIamPermissions [none]
[debug] [2024-01-02T21:08:20.869Z] >>> [apiv2][(partial)header] POST https://cloudresourcemanager.googleapis.com/v1/projects/nuevo-bienestar:testIamPermissions x-goog-quota-user=projects/nuevo-bienestar
[debug] [2024-01-02T21:08:20.869Z] >>> [apiv2][body] POST https://cloudresourcemanager.googleapis.com/v1/projects/nuevo-bienestar:testIamPermissions {"permissions":["firebase.projects.get"]}
[debug] [2024-01-02T21:08:29.013Z] <<< [apiv2][status] POST https://cloudresourcemanager.googleapis.com/v1/projects/nuevo-bienestar:testIamPermissions 200
[debug] [2024-01-02T21:08:29.013Z] <<< [apiv2][body] POST https://cloudresourcemanager.googleapis.com/v1/projects/nuevo-bienestar:testIamPermissions {"permissions":["firebase.projects.get"]}
[debug] [2024-01-02T21:08:29.014Z] >>> [apiv2][query] GET https://serviceusage.googleapis.com/v1/projects/nuevo-bienestar/services/cloudfunctions.googleapis.com [none]
[debug] [2024-01-02T21:08:29.014Z] >>> [apiv2][(partial)header] GET https://serviceusage.googleapis.com/v1/projects/nuevo-bienestar/services/cloudfunctions.googleapis.com x-goog-quota-user=projects/nuevo-bienestar
[debug] [2024-01-02T21:08:29.016Z] >>> [apiv2][query] GET https://serviceusage.googleapis.com/v1/projects/nuevo-bienestar/services/runtimeconfig.googleapis.com [none]
[debug] [2024-01-02T21:08:29.016Z] >>> [apiv2][(partial)header] GET https://serviceusage.googleapis.com/v1/projects/nuevo-bienestar/services/runtimeconfig.googleapis.com x-goog-quota-user=projects/nuevo-bienestar
[debug] [2024-01-02T21:08:30.243Z] <<< [apiv2][status] GET https://serviceusage.googleapis.com/v1/projects/nuevo-bienestar/services/runtimeconfig.googleapis.com 200
[debug] [2024-01-02T21:08:30.243Z] <<< [apiv2][body] GET https://serviceusage.googleapis.com/v1/projects/nuevo-bienestar/services/runtimeconfig.googleapis.com [omitted]
[debug] [2024-01-02T21:08:30.246Z] <<< [apiv2][status] GET https://serviceusage.googleapis.com/v1/projects/nuevo-bienestar/services/cloudfunctions.googleapis.com 200
[debug] [2024-01-02T21:08:30.246Z] <<< [apiv2][body] GET https://serviceusage.googleapis.com/v1/projects/nuevo-bienestar/services/cloudfunctions.googleapis.com [omitted]
[debug] [2024-01-02T21:08:30.247Z] >>> [apiv2][query] POST https://serviceusage.googleapis.com/v1/projects/nuevo-bienestar/services/cloudfunctions.googleapis.com:enable [none]
[debug] [2024-01-02T21:08:30.247Z] >>> [apiv2][(partial)header] POST https://serviceusage.googleapis.com/v1/projects/nuevo-bienestar/services/cloudfunctions.googleapis.com:enable x-goog-quota-user=projects/nuevo-bienestar
[debug] [2024-01-02T21:08:31.707Z] <<< [apiv2][status] POST https://serviceusage.googleapis.com/v1/projects/nuevo-bienestar/services/cloudfunctions.googleapis.com:enable 200
[debug] [2024-01-02T21:08:31.707Z] <<< [apiv2][body] POST https://serviceusage.googleapis.com/v1/projects/nuevo-bienestar/services/cloudfunctions.googleapis.com:enable [omitted]
[debug] [2024-01-02T21:08:41.715Z] >>> [apiv2][query] GET https://serviceusage.googleapis.com/v1/projects/nuevo-bienestar/services/cloudfunctions.googleapis.com [none]
[debug] [2024-01-02T21:08:41.715Z] >>> [apiv2][(partial)header] GET https://serviceusage.googleapis.com/v1/projects/nuevo-bienestar/services/cloudfunctions.googleapis.com x-goog-quota-user=projects/nuevo-bienestar
[debug] [2024-01-02T21:08:42.871Z] <<< [apiv2][status] GET https://serviceusage.googleapis.com/v1/projects/nuevo-bienestar/services/cloudfunctions.googleapis.com 200
[debug] [2024-01-02T21:08:42.872Z] <<< [apiv2][body] GET https://serviceusage.googleapis.com/v1/projects/nuevo-bienestar/services/cloudfunctions.googleapis.com [omitted]
[info] Let's create a new codebase for your functions.
[info] A directory corresponding to the codebase will be created in your project
[info] with sample code pre-configured.

[info] See https://firebase.google.com/docs/functions/organize-functions for
[info] more information on organizing your functions using codebases.

[info] Functions can be deployed with firebase deploy.

[info] +  Wrote functions/package.json 
[info] +  Wrote functions/index.js 
[info] +  Wrote functions/.gitignore 
[info] 
=== Hosting Setup
[debug] [2024-01-02T21:10:04.554Z] >>> [apiv2][query] GET https://firebase.googleapis.com/v1beta1/projects/nuevo-bienestar [none]
[debug] [2024-01-02T21:10:04.996Z] <<< [apiv2][status] GET https://firebase.googleapis.com/v1beta1/projects/nuevo-bienestar 200
[debug] [2024-01-02T21:10:04.996Z] <<< [apiv2][body] GET https://firebase.googleapis.com/v1beta1/projects/nuevo-bienestar {"projectId":"nuevo-bienestar","projectNumber":"458552586373","displayName":"Nuevo Bienestar","name":"projects/nuevo-bienestar","resources":{"hostingSite":"nuevo-bienestar"},"state":"ACTIVE","etag":"1_72981341-aede-4b97-857e-e5c42df43923"}
[info] 
[info] Your public directory is the folder (relative to your project directory) that
[info] will contain Hosting assets to be uploaded with firebase deploy. If you
[info] have a build process for your assets, use your build's output directory.
[info] 
[debug] [2024-01-02T21:10:44.020Z] >>> [apiv2][query] GET https://www.gstatic.com/firebasejs/releases.json [none]
[debug] [2024-01-02T21:10:51.202Z] <<< [apiv2][status] GET https://www.gstatic.com/firebasejs/releases.json 200
[debug] [2024-01-02T21:10:51.203Z] <<< [apiv2][body] GET https://www.gstatic.com/firebasejs/releases.json {"current":{"version":"10.7.1","browserURL":"https://www.gstatic.com/firebasejs/10.7.1/firebase.js","packageURL":"https://www.gstatic.com/firebasejs/10.7.1/firebase.tgz"},"live":{"version":"10.7","browserURL":"https://www.gstatic.com/firebasejs/live/10.7/firebase.js","packageURL":"https://www.gstatic.com/firebasejs/live/10.7/firebase.tgz"},"components":{"analytics":"https://www.gstatic.com/firebasejs/10.7.1/firebase-analytics.js","app":"https://www.gstatic.com/firebasejs/10.7.1/firebase-app.js","app-check":"https://www.gstatic.com/firebasejs/10.7.1/firebase-app-check.js","auth":"https://www.gstatic.com/firebasejs/10.7.1/firebase-auth.js","auth/cordova":"https://www.gstatic.com/firebasejs/10.7.1/firebase-auth/cordova.js","functions":"https://www.gstatic.com/firebasejs/10.7.1/firebase-functions.js","firestore":"https://www.gstatic.com/firebasejs/10.7.1/firebase-firestore.js","firestore/lite":"https://www.gstatic.com/firebasejs/10.7.1/firebase-firestore/lite.js","installations":"https://www.gstatic.com/firebasejs/10.7.1/firebase-installations.js","storage":"https://www.gstatic.com/firebasejs/10.7.1/firebase-storage.js","performance":"https://www.gstatic.com/firebasejs/10.7.1/firebase-performance.js","remote-config":"https://www.gstatic.com/firebasejs/10.7.1/firebase-remote-config.js","messaging":"https://www.gstatic.com/firebasejs/10.7.1/firebase-messaging.js","messaging/sw":"https://www.gstatic.com/firebasejs/10.7.1/firebase-messaging/sw.js","database":"https://www.gstatic.com/firebasejs/10.7.1/firebase-database.js","firestore.memory":"https://www.gstatic.com/firebasejs/10.7.1/firebase-firestore.memory.js"}}
[info] +  Wrote public/index.html 
[info] 
[info] i  Detected a .git folder at C:\ALBANO\PaginaAmor\pagina-amor 
[info] i  Authorizing with GitHub to upload your service account to a GitHub repository's secrets store. 
[info] 
[info] Visit this URL on this device to log in:
[info] https://github.com/login/oauth/authorize?client_id=89cf50f02ac6aaed3484&state=718670197&redirect_uri=http%3A%2F%2Flocalhost%3A9005&scope=read%3Auser%20repo%20public_repo
[info] 
[info] Waiting for authentication...
[debug] [2024-01-02T21:10:51.972Z] >>> [apiv2][query] POST https://github.com/login/oauth/access_token [none]
[debug] [2024-01-02T21:10:51.973Z] >>> [apiv2][body] POST https://github.com/login/oauth/access_token [stream]
[debug] [2024-01-02T21:10:52.413Z] <<< [apiv2][status] POST https://github.com/login/oauth/access_token 200
[debug] [2024-01-02T21:10:52.414Z] <<< [apiv2][body] POST https://github.com/login/oauth/access_token {"access_token":"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","token_type":"bearer","scope":"read:user,repo"}
[debug] [2024-01-02T21:10:52.420Z] >>> [apiv2][query] GET https://api.github.com/user [none]
[debug] [2024-01-02T21:10:52.867Z] <<< [apiv2][status] GET https://api.github.com/user 200
[debug] [2024-01-02T21:10:52.867Z] <<< [apiv2][body] GET https://api.github.com/user {"login":"Albano21","id":89983599,"node_id":"MDQ6VXNlcjg5OTgzNTk5","avatar_url":"https://avatars.githubusercontent.com/u/89983599?v=4","gravatar_id":"","url":"https://api.github.com/users/Albano21","html_url":"https://github.com/Albano21","followers_url":"https://api.github.com/users/Albano21/followers","following_url":"https://api.github.com/users/Albano21/following{/other_user}","gists_url":"https://api.github.com/users/Albano21/gists{/gist_id}","starred_url":"https://api.github.com/users/Albano21/starred{/owner}{/repo}","subscriptions_url":"https://api.github.com/users/Albano21/subscriptions","organizations_url":"https://api.github.com/users/Albano21/orgs","repos_url":"https://api.github.com/users/Albano21/repos","events_url":"https://api.github.com/users/Albano21/events{/privacy}","received_events_url":"https://api.github.com/users/Albano21/received_events","type":"User","site_admin":false,"name":"Albano Zupichiatti","company":null,"blog":"","location":null,"email":null,"hireable":null,"bio":null,"twitter_username":null,"public_repos":14,"public_gists":1,"followers":4,"following":4,"created_at":"2021-09-02T13:00:53Z","updated_at":"2023-09-03T11:12:41Z","private_gists":0,"total_private_repos":7,"owned_private_repos":7,"disk_usage":157666,"collaborators":12,"two_factor_authentication":false,"plan":{"name":"free","space":976562499,"collaborators":0,"private_repos":10000}}
[info] 
[info] +  Success! Logged into GitHub as Albano21 
[info] 
